{"C:\\Users\\ISHMO\\Desktop\\Microverse\\todolistTest\\src\\add-remove.js": {"path":"C:\\Users\\ISHMO\\Desktop\\Microverse\\todolistTest\\src\\add-remove.js","statementMap":{"0":{"start":{"line":3,"column":23},"end":{"line":3,"column":38}},"1":{"start":{"line":5,"column":23},"end":{"line":15,"column":1}},"2":{"start":{"line":6,"column":2},"end":{"line":11,"column":5}},"3":{"start":{"line":12,"column":2},"end":{"line":12,"column":19}},"4":{"start":{"line":13,"column":2},"end":{"line":13,"column":46}},"5":{"start":{"line":14,"column":2},"end":{"line":14,"column":15}},"6":{"start":{"line":17,"column":26},"end":{"line":26,"column":1}},"7":{"start":{"line":18,"column":18},"end":{"line":18,"column":49}},"8":{"start":{"line":18,"column":38},"end":{"line":18,"column":48}},"9":{"start":{"line":19,"column":2},"end":{"line":23,"column":5}},"10":{"start":{"line":20,"column":4},"end":{"line":22,"column":5}},"11":{"start":{"line":21,"column":6},"end":{"line":21,"column":19}},"12":{"start":{"line":24,"column":2},"end":{"line":24,"column":48}},"13":{"start":{"line":25,"column":2},"end":{"line":25,"column":17}},"14":{"start":{"line":28,"column":25},"end":{"line":34,"column":1}},"15":{"start":{"line":29,"column":19},"end":{"line":29,"column":50}},"16":{"start":{"line":29,"column":39},"end":{"line":29,"column":49}},"17":{"start":{"line":30,"column":2},"end":{"line":32,"column":5}},"18":{"start":{"line":31,"column":4},"end":{"line":31,"column":35}},"19":{"start":{"line":33,"column":2},"end":{"line":33,"column":15}}},"fnMap":{"0":{"name":"(anonymous_0)","decl":{"start":{"line":5,"column":23},"end":{"line":5,"column":24}},"loc":{"start":{"line":5,"column":41},"end":{"line":15,"column":1}},"line":5},"1":{"name":"(anonymous_1)","decl":{"start":{"line":17,"column":26},"end":{"line":17,"column":27}},"loc":{"start":{"line":17,"column":43},"end":{"line":26,"column":1}},"line":17},"2":{"name":"(anonymous_2)","decl":{"start":{"line":18,"column":31},"end":{"line":18,"column":32}},"loc":{"start":{"line":18,"column":38},"end":{"line":18,"column":48}},"line":18},"3":{"name":"(anonymous_3)","decl":{"start":{"line":19,"column":18},"end":{"line":19,"column":19}},"loc":{"start":{"line":19,"column":25},"end":{"line":23,"column":3}},"line":19},"4":{"name":"(anonymous_4)","decl":{"start":{"line":28,"column":25},"end":{"line":28,"column":26}},"loc":{"start":{"line":28,"column":36},"end":{"line":34,"column":1}},"line":28},"5":{"name":"(anonymous_5)","decl":{"start":{"line":29,"column":32},"end":{"line":29,"column":33}},"loc":{"start":{"line":29,"column":39},"end":{"line":29,"column":49}},"line":29},"6":{"name":"(anonymous_6)","decl":{"start":{"line":30,"column":19},"end":{"line":30,"column":20}},"loc":{"start":{"line":30,"column":28},"end":{"line":32,"column":3}},"line":30}},"branchMap":{"0":{"loc":{"start":{"line":20,"column":4},"end":{"line":22,"column":5}},"type":"if","locations":[{"start":{"line":20,"column":4},"end":{"line":22,"column":5}},{"start":{},"end":{}}],"line":20}},"s":{"0":1,"1":1,"2":4,"3":4,"4":4,"5":4,"6":1,"7":4,"8":11,"9":4,"10":7,"11":4,"12":4,"13":4,"14":1,"15":1,"16":4,"17":1,"18":2,"19":1},"f":{"0":4,"1":4,"2":11,"3":7,"4":1,"5":4,"6":2},"b":{"0":[4,3]},"_coverageSchema":"1a1c01bbd47fc00a2c39e90264f33305004495a9","hash":"73b91ceb26b9743f2125be2ac56e764ccf0fedb6"}
,"C:\\Users\\ISHMO\\Desktop\\Microverse\\todolistTest\\src\\edit.js": {"path":"C:\\Users\\ISHMO\\Desktop\\Microverse\\todolistTest\\src\\edit.js","statementMap":{"0":{"start":{"line":3,"column":19},"end":{"line":9,"column":1}},"1":{"start":{"line":4,"column":13},"end":{"line":4,"column":34}},"2":{"start":{"line":5,"column":16},"end":{"line":5,"column":51}},"3":{"start":{"line":6,"column":15},"end":{"line":6,"column":62}},"4":{"start":{"line":6,"column":36},"end":{"line":6,"column":61}},"5":{"start":{"line":7,"column":2},"end":{"line":7,"column":39}},"6":{"start":{"line":8,"column":2},"end":{"line":8,"column":46}},"7":{"start":{"line":11,"column":17},"end":{"line":29,"column":1}},"8":{"start":{"line":12,"column":16},"end":{"line":12,"column":47}},"9":{"start":{"line":13,"column":16},"end":{"line":13,"column":47}},"10":{"start":{"line":14,"column":2},"end":{"line":14,"column":22}},"11":{"start":{"line":15,"column":2},"end":{"line":15,"column":23}},"12":{"start":{"line":16,"column":2},"end":{"line":16,"column":34}},"13":{"start":{"line":18,"column":2},"end":{"line":18,"column":30}},"14":{"start":{"line":19,"column":2},"end":{"line":19,"column":30}},"15":{"start":{"line":21,"column":2},"end":{"line":21,"column":16}},"16":{"start":{"line":22,"column":2},"end":{"line":28,"column":5}},"17":{"start":{"line":23,"column":4},"end":{"line":27,"column":5}},"18":{"start":{"line":24,"column":23},"end":{"line":24,"column":45}},"19":{"start":{"line":25,"column":22},"end":{"line":25,"column":56}},"20":{"start":{"line":26,"column":6},"end":{"line":26,"column":22}},"21":{"start":{"line":31,"column":23},"end":{"line":45,"column":1}},"22":{"start":{"line":32,"column":16},"end":{"line":32,"column":50}},"23":{"start":{"line":33,"column":16},"end":{"line":33,"column":47}},"24":{"start":{"line":34,"column":16},"end":{"line":34,"column":37}},"25":{"start":{"line":35,"column":16},"end":{"line":35,"column":51}},"26":{"start":{"line":37,"column":2},"end":{"line":37,"column":34}},"27":{"start":{"line":38,"column":2},"end":{"line":38,"column":24}},"28":{"start":{"line":39,"column":2},"end":{"line":39,"column":42}},"29":{"start":{"line":41,"column":2},"end":{"line":41,"column":30}},"30":{"start":{"line":42,"column":2},"end":{"line":42,"column":30}},"31":{"start":{"line":44,"column":2},"end":{"line":44,"column":30}},"32":{"start":{"line":47,"column":27},"end":{"line":67,"column":1}},"33":{"start":{"line":48,"column":19},"end":{"line":48,"column":41}},"34":{"start":{"line":49,"column":19},"end":{"line":49,"column":49}},"35":{"start":{"line":50,"column":18},"end":{"line":50,"column":52}},"36":{"start":{"line":52,"column":26},"end":{"line":56,"column":3}},"37":{"start":{"line":53,"column":4},"end":{"line":53,"column":22}},"38":{"start":{"line":54,"column":4},"end":{"line":54,"column":26}},"39":{"start":{"line":55,"column":4},"end":{"line":55,"column":58}},"40":{"start":{"line":57,"column":2},"end":{"line":57,"column":56}},"41":{"start":{"line":59,"column":2},"end":{"line":66,"column":3}},"42":{"start":{"line":60,"column":4},"end":{"line":60,"column":36}},"43":{"start":{"line":61,"column":4},"end":{"line":61,"column":38}},"44":{"start":{"line":62,"column":4},"end":{"line":62,"column":55}},"45":{"start":{"line":64,"column":4},"end":{"line":64,"column":39}},"46":{"start":{"line":65,"column":4},"end":{"line":65,"column":35}},"47":{"start":{"line":69,"column":18},"end":{"line":72,"column":1}},"48":{"start":{"line":70,"column":2},"end":{"line":70,"column":21}},"49":{"start":{"line":71,"column":2},"end":{"line":71,"column":24}}},"fnMap":{"0":{"name":"(anonymous_0)","decl":{"start":{"line":3,"column":19},"end":{"line":3,"column":20}},"loc":{"start":{"line":3,"column":40},"end":{"line":9,"column":1}},"line":3},"1":{"name":"(anonymous_1)","decl":{"start":{"line":6,"column":26},"end":{"line":6,"column":27}},"loc":{"start":{"line":6,"column":36},"end":{"line":6,"column":61}},"line":6},"2":{"name":"(anonymous_2)","decl":{"start":{"line":11,"column":17},"end":{"line":11,"column":18}},"loc":{"start":{"line":11,"column":31},"end":{"line":29,"column":1}},"line":11},"3":{"name":"(anonymous_3)","decl":{"start":{"line":22,"column":37},"end":{"line":22,"column":38}},"loc":{"start":{"line":22,"column":44},"end":{"line":28,"column":3}},"line":22},"4":{"name":"(anonymous_4)","decl":{"start":{"line":31,"column":23},"end":{"line":31,"column":24}},"loc":{"start":{"line":31,"column":37},"end":{"line":45,"column":1}},"line":31},"5":{"name":"(anonymous_5)","decl":{"start":{"line":47,"column":27},"end":{"line":47,"column":28}},"loc":{"start":{"line":47,"column":41},"end":{"line":67,"column":1}},"line":47},"6":{"name":"(anonymous_6)","decl":{"start":{"line":52,"column":26},"end":{"line":52,"column":27}},"loc":{"start":{"line":52,"column":32},"end":{"line":56,"column":3}},"line":52},"7":{"name":"(anonymous_7)","decl":{"start":{"line":69,"column":18},"end":{"line":69,"column":19}},"loc":{"start":{"line":69,"column":32},"end":{"line":72,"column":1}},"line":69}},"branchMap":{"0":{"loc":{"start":{"line":23,"column":4},"end":{"line":27,"column":5}},"type":"if","locations":[{"start":{"line":23,"column":4},"end":{"line":27,"column":5}},{"start":{},"end":{}}],"line":23},"1":{"loc":{"start":{"line":59,"column":2},"end":{"line":66,"column":3}},"type":"if","locations":[{"start":{"line":59,"column":2},"end":{"line":66,"column":3}},{"start":{"line":63,"column":9},"end":{"line":66,"column":3}}],"line":59}},"s":{"0":1,"1":1,"2":1,"3":1,"4":1,"5":1,"6":1,"7":1,"8":1,"9":1,"10":1,"11":1,"12":1,"13":1,"14":1,"15":1,"16":1,"17":2,"18":1,"19":1,"20":1,"21":1,"22":1,"23":1,"24":1,"25":1,"26":1,"27":1,"28":1,"29":1,"30":1,"31":1,"32":1,"33":2,"34":2,"35":2,"36":2,"37":1,"38":1,"39":1,"40":2,"41":2,"42":1,"43":1,"44":1,"45":1,"46":1,"47":1,"48":1,"49":1},"f":{"0":1,"1":1,"2":1,"3":2,"4":1,"5":2,"6":1,"7":1},"b":{"0":[1,1],"1":[1,1]},"_coverageSchema":"1a1c01bbd47fc00a2c39e90264f33305004495a9","hash":"ef355d7d58307dfe55bbb82384bfa52670b0d38b"}
,"C:\\Users\\ISHMO\\Desktop\\Microverse\\todolistTest\\src\\logic.js": {"path":"C:\\Users\\ISHMO\\Desktop\\Microverse\\todolistTest\\src\\logic.js","statementMap":{"0":{"start":{"line":3,"column":23},"end":{"line":14,"column":1}},"1":{"start":{"line":4,"column":22},"end":{"line":4,"column":57}},"2":{"start":{"line":5,"column":16},"end":{"line":5,"column":64}},"3":{"start":{"line":6,"column":2},"end":{"line":12,"column":3}},"4":{"start":{"line":7,"column":4},"end":{"line":7,"column":25}},"5":{"start":{"line":8,"column":4},"end":{"line":8,"column":38}},"6":{"start":{"line":10,"column":4},"end":{"line":10,"column":26}},"7":{"start":{"line":11,"column":4},"end":{"line":11,"column":38}},"8":{"start":{"line":13,"column":2},"end":{"line":13,"column":46}}},"fnMap":{"0":{"name":"(anonymous_0)","decl":{"start":{"line":3,"column":23},"end":{"line":3,"column":24}},"loc":{"start":{"line":3,"column":40},"end":{"line":14,"column":1}},"line":3}},"branchMap":{"0":{"loc":{"start":{"line":6,"column":2},"end":{"line":12,"column":3}},"type":"if","locations":[{"start":{"line":6,"column":2},"end":{"line":12,"column":3}},{"start":{"line":9,"column":9},"end":{"line":12,"column":3}}],"line":6}},"s":{"0":1,"1":2,"2":2,"3":2,"4":1,"5":1,"6":1,"7":1,"8":2},"f":{"0":2},"b":{"0":[1,1]},"_coverageSchema":"1a1c01bbd47fc00a2c39e90264f33305004495a9","hash":"b1085907c5d60a2710821e8a896ca40a60df0993"}
}
